<?xml version="1.0" encoding="UTF-8"?>
<!-- Generated by org.testng.reporters.JUnitReportReporter -->
<testsuite hostname="LAPTOP-086DP11B" name="testngAnnotations.Module1" tests="4" failures="0" timestamp="24 Mar 2019 11:00:26 GMT" time="0.015" errors="0">
  <testcase name="test4" time="0.001" classname="testngAnnotations.Module1"/>
  <testcase name="test1" time="0.003" classname="testngAnnotations.Module1"/>
  <testcase name="test2" time="0.007" classname="testngAnnotations.Module1"/>
  <testcase name="test3" time="0.004" classname="testngAnnotations.Module1"/>
</testsuite> <!-- testngAnnotations.Module1 -->
