<?xml version="1.0" encoding="UTF-8"?>
<!-- Generated by org.testng.reporters.JUnitReportReporter -->
<testsuite hostname="LAPTOP-086DP11B" name="testngAnnotations.Testng1" tests="4" failures="0" timestamp="24 Mar 2019 10:23:51 GMT" time="0.017" errors="0">
  <testcase name="test1" time="0.002" classname="testngAnnotations.Testng1"/>
  <testcase name="test4" time="0.001" classname="testngAnnotations.Testng1"/>
  <testcase name="test2" time="0.013" classname="testngAnnotations.Testng1"/>
  <testcase name="test3" time="0.001" classname="testngAnnotations.Testng1"/>
</testsuite> <!-- testngAnnotations.Testng1 -->
