<?xml version="1.0" encoding="UTF-8"?>
<!-- Generated by org.testng.reporters.JUnitReportReporter -->
<testsuite hostname="LAPTOP-086DP11B" name="logicTesting.Testing" tests="4" failures="0" timestamp="30 Mar 2019 12:14:40 GMT" time="46.443" errors="0">
  <testcase name="testScript" time="10.832" classname="logicTesting.Testing"/>
  <testcase name="testScript" time="11.080" classname="logicTesting.Testing"/>
  <testcase name="testScript" time="13.385" classname="logicTesting.Testing"/>
  <testcase name="testScript" time="11.146" classname="logicTesting.Testing"/>
</testsuite> <!-- logicTesting.Testing -->
